E:\RESEARCH\LOLUTIL\OVL\WIN32PROJECT1\DEBUG\WIN32PROJECT1.PCH
E:\RESEARCH\LOLUTIL\OVL\WIN32PROJECT1\DEBUG\STDAFX.OBJ
E:\RESEARCH\LOLUTIL\OVL\WIN32PROJECT1\DEBUG\VC110.PDB
E:\RESEARCH\LOLUTIL\OVL\WIN32PROJECT1\DEBUG\CREATWTH.OBJ
E:\RESEARCH\LOLUTIL\OVL\WIN32PROJECT1\DEBUG\DETOURS.OBJ
E:\RESEARCH\LOLUTIL\OVL\WIN32PROJECT1\DEBUG\DISASM.OBJ
E:\RESEARCH\LOLUTIL\OVL\WIN32PROJECT1\DEBUG\IMAGE.OBJ
E:\RESEARCH\LOLUTIL\OVL\WIN32PROJECT1\DEBUG\MODULES.OBJ
E:\RESEARCH\LOLUTIL\OVL\WIN32PROJECT1\DEBUG\WIN32PROJECT1.OBJ
E:\Research\LOLUTIL\OVL\Win32Project1\Debug\creatwth.obj
E:\Research\LOLUTIL\OVL\Win32Project1\Debug\detours.obj
E:\Research\LOLUTIL\OVL\Win32Project1\Debug\disasm.obj
E:\Research\LOLUTIL\OVL\Win32Project1\Debug\image.obj
E:\Research\LOLUTIL\OVL\Win32Project1\Debug\modules.obj
E:\Research\LOLUTIL\OVL\Win32Project1\Debug\stdafx.obj
E:\Research\LOLUTIL\OVL\Win32Project1\Debug\Win32Project1.obj
E:\Research\LOLUTIL\OVL\Win32Project1\Debug\cl.command.1.tlog
E:\Research\LOLUTIL\OVL\Win32Project1\Debug\CL.read.1.tlog
E:\Research\LOLUTIL\OVL\Win32Project1\Debug\CL.write.1.tlog
E:\Research\LOLUTIL\OVL\Win32Project1\Debug\Win32Project1.pch
E:\Research\LOLUTIL\OVL\Win32Project1\Debug\vc110.idb
E:\Research\LOLUTIL\OVL\Win32Project1\Debug\vc110.pdb
